CRITICAL - 2025-04-19 05:58:12 --> ErrorException: Undefined array key "HTTP_USER_AGENT"
in APPPATH/Common.php on line 2410.
 1 APPPATH/Common.php(2410): CodeIgniter\Debug\Exceptions->errorHandler(2, 'Undefined array key "HTTP_USER_AGENT"', '/home/digibangla/public_html/app/Common.php', 2410)
 2 APPPATH/Models/PostModel.php(392): isBot()
 3 APPPATH/Controllers/HomeController.php(197): App\Models\PostModel->increasePostPageviews(Object(stdClass), Object(stdClass))
 4 APPPATH/Controllers/HomeController.php(113): App\Controllers\HomeController->post(Object(stdClass))
 5 SYSTEMPATH/CodeIgniter.php(942): App\Controllers\HomeController->any('152821')
 6 SYSTEMPATH/CodeIgniter.php(502): CodeIgniter\CodeIgniter->runController(Object(App\Controllers\HomeController))
 7 SYSTEMPATH/CodeIgniter.php(360): CodeIgniter\CodeIgniter->handleRequest(null, Object(Config\Cache), false)
 8 FCPATH/index.php(95): CodeIgniter\CodeIgniter->run()
CRITICAL - 2025-04-19 12:55:03 --> ErrorException: Undefined array key "HTTP_USER_AGENT"
in APPPATH/Common.php on line 2410.
 1 APPPATH/Common.php(2410): CodeIgniter\Debug\Exceptions->errorHandler(2, 'Undefined array key "HTTP_USER_AGENT"', '/home/digibangla/public_html/app/Common.php', 2410)
 2 APPPATH/Models/PostModel.php(392): isBot()
 3 APPPATH/Controllers/HomeController.php(197): App\Models\PostModel->increasePostPageviews(Object(stdClass), Object(stdClass))
 4 APPPATH/Controllers/HomeController.php(113): App\Controllers\HomeController->post(Object(stdClass))
 5 SYSTEMPATH/CodeIgniter.php(942): App\Controllers\HomeController->any('152825')
 6 SYSTEMPATH/CodeIgniter.php(502): CodeIgniter\CodeIgniter->runController(Object(App\Controllers\HomeController))
 7 SYSTEMPATH/CodeIgniter.php(360): CodeIgniter\CodeIgniter->handleRequest(null, Object(Config\Cache), false)
 8 FCPATH/index.php(95): CodeIgniter\CodeIgniter->run()
CRITICAL - 2025-04-19 18:03:18 --> ErrorException: Undefined array key "HTTP_USER_AGENT"
in APPPATH/Common.php on line 2410.
 1 APPPATH/Common.php(2410): CodeIgniter\Debug\Exceptions->errorHandler(2, 'Undefined array key "HTTP_USER_AGENT"', '/home/digibangla/public_html/app/Common.php', 2410)
 2 APPPATH/Models/PostModel.php(392): isBot()
 3 APPPATH/Controllers/HomeController.php(197): App\Models\PostModel->increasePostPageviews(Object(stdClass), Object(stdClass))
 4 APPPATH/Controllers/HomeController.php(113): App\Controllers\HomeController->post(Object(stdClass))
 5 SYSTEMPATH/CodeIgniter.php(942): App\Controllers\HomeController->any('152872')
 6 SYSTEMPATH/CodeIgniter.php(502): CodeIgniter\CodeIgniter->runController(Object(App\Controllers\HomeController))
 7 SYSTEMPATH/CodeIgniter.php(360): CodeIgniter\CodeIgniter->handleRequest(null, Object(Config\Cache), false)
 8 FCPATH/index.php(95): CodeIgniter\CodeIgniter->run()
CRITICAL - 2025-04-19 18:34:38 --> ErrorException: Undefined array key "HTTP_USER_AGENT"
in APPPATH/Common.php on line 2410.
 1 APPPATH/Common.php(2410): CodeIgniter\Debug\Exceptions->errorHandler(2, 'Undefined array key "HTTP_USER_AGENT"', '/home/digibangla/public_html/app/Common.php', 2410)
 2 APPPATH/Models/PostModel.php(392): isBot()
 3 APPPATH/Controllers/HomeController.php(197): App\Models\PostModel->increasePostPageviews(Object(stdClass), Object(stdClass))
 4 APPPATH/Controllers/HomeController.php(113): App\Controllers\HomeController->post(Object(stdClass))
 5 SYSTEMPATH/CodeIgniter.php(942): App\Controllers\HomeController->any('152873')
 6 SYSTEMPATH/CodeIgniter.php(502): CodeIgniter\CodeIgniter->runController(Object(App\Controllers\HomeController))
 7 SYSTEMPATH/CodeIgniter.php(360): CodeIgniter\CodeIgniter->handleRequest(null, Object(Config\Cache), false)
 8 FCPATH/index.php(95): CodeIgniter\CodeIgniter->run()
